Determining if the pthread_create exist failed with the following output:
Change Dir: /home/wwh/qqq/build/CMakeFiles/CMakeTmp

Run Build Command:"/usr/bin/make" "cmTC_8c515/fast"
/usr/bin/make -f CMakeFiles/cmTC_8c515.dir/build.make CMakeFiles/cmTC_8c515.dir/build
make[1]: Entering directory '/home/wwh/qqq/build/CMakeFiles/CMakeTmp'
Building C object CMakeFiles/cmTC_8c515.dir/CheckSymbolExists.c.o
/usr/bin/cc     -o CMakeFiles/cmTC_8c515.dir/CheckSymbolExists.c.o   -c /home/wwh/qqq/build/CMakeFiles/CMakeTmp/CheckSymbolExists.c
Linking C executable cmTC_8c515
/usr/bin/cmake -E cmake_link_script CMakeFiles/cmTC_8c515.dir/link.txt --verbose=1
/usr/bin/cc       CMakeFiles/cmTC_8c515.dir/CheckSymbolExists.c.o  -o cmTC_8c515 -rdynamic 
CMakeFiles/cmTC_8c515.dir/CheckSymbolExists.c.o：在函数‘main’中：
CheckSymbolExists.c:(.text+0x16)：对‘pthread_create’未定义的引用
collect2: error: ld returned 1 exit status
CMakeFiles/cmTC_8c515.dir/build.make:97: recipe for target 'cmTC_8c515' failed
make[1]: *** [cmTC_8c515] Error 1
make[1]: Leaving directory '/home/wwh/qqq/build/CMakeFiles/CMakeTmp'
Makefile:126: recipe for target 'cmTC_8c515/fast' failed
make: *** [cmTC_8c515/fast] Error 2

File /home/wwh/qqq/build/CMakeFiles/CMakeTmp/CheckSymbolExists.c:
/* */
#include <pthread.h>

int main(int argc, char** argv)
{
  (void)argv;
#ifndef pthread_create
  return ((int*)(&pthread_create))[argc];
#else
  (void)argc;
  return 0;
#endif
}

Determining if the function pthread_create exists in the pthreads failed with the following output:
Change Dir: /home/wwh/qqq/build/CMakeFiles/CMakeTmp

Run Build Command:"/usr/bin/make" "cmTC_735e1/fast"
/usr/bin/make -f CMakeFiles/cmTC_735e1.dir/build.make CMakeFiles/cmTC_735e1.dir/build
make[1]: Entering directory '/home/wwh/qqq/build/CMakeFiles/CMakeTmp'
Building C object CMakeFiles/cmTC_735e1.dir/CheckFunctionExists.c.o
/usr/bin/cc    -DCHECK_FUNCTION_EXISTS=pthread_create   -o CMakeFiles/cmTC_735e1.dir/CheckFunctionExists.c.o   -c /usr/share/cmake-3.5/Modules/CheckFunctionExists.c
Linking C executable cmTC_735e1
/usr/bin/cmake -E cmake_link_script CMakeFiles/cmTC_735e1.dir/link.txt --verbose=1
/usr/bin/cc   -DCHECK_FUNCTION_EXISTS=pthread_create    CMakeFiles/cmTC_735e1.dir/CheckFunctionExists.c.o  -o cmTC_735e1 -rdynamic -lpthreads 
/usr/bin/ld: 找不到 -lpthreads
collect2: error: ld returned 1 exit status
CMakeFiles/cmTC_735e1.dir/build.make:97: recipe for target 'cmTC_735e1' failed
make[1]: *** [cmTC_735e1] Error 1
make[1]: Leaving directory '/home/wwh/qqq/build/CMakeFiles/CMakeTmp'
Makefile:126: recipe for target 'cmTC_735e1/fast' failed
make: *** [cmTC_735e1/fast] Error 2


Determining if the Q_WS_WIN exist failed with the following output:
Change Dir: /home/wwh/qqq/build/CMakeFiles/CMakeTmp

Run Build Command:"/usr/bin/make" "cmTC_731d9/fast"
/usr/bin/make -f CMakeFiles/cmTC_731d9.dir/build.make CMakeFiles/cmTC_731d9.dir/build
make[1]: Entering directory '/home/wwh/qqq/build/CMakeFiles/CMakeTmp'
Building CXX object CMakeFiles/cmTC_731d9.dir/CheckSymbolExists.cxx.o
/usr/bin/c++    -I/usr/include/qt4   -o CMakeFiles/cmTC_731d9.dir/CheckSymbolExists.cxx.o -c /home/wwh/qqq/build/CMakeFiles/CMakeTmp/CheckSymbolExists.cxx
/home/wwh/qqq/build/CMakeFiles/CMakeTmp/CheckSymbolExists.cxx: In function ‘int main(int, char**)’:
/home/wwh/qqq/build/CMakeFiles/CMakeTmp/CheckSymbolExists.cxx:8:19: error: ‘Q_WS_WIN’ was not declared in this scope
   return ((int*)(&Q_WS_WIN))[argc];
                   ^
CMakeFiles/cmTC_731d9.dir/build.make:65: recipe for target 'CMakeFiles/cmTC_731d9.dir/CheckSymbolExists.cxx.o' failed
make[1]: *** [CMakeFiles/cmTC_731d9.dir/CheckSymbolExists.cxx.o] Error 1
make[1]: Leaving directory '/home/wwh/qqq/build/CMakeFiles/CMakeTmp'
Makefile:126: recipe for target 'cmTC_731d9/fast' failed
make: *** [cmTC_731d9/fast] Error 2

File /home/wwh/qqq/build/CMakeFiles/CMakeTmp/CheckSymbolExists.cxx:
/* */
#include <QtCore/qglobal.h>

int main(int argc, char** argv)
{
  (void)argv;
#ifndef Q_WS_WIN
  return ((int*)(&Q_WS_WIN))[argc];
#else
  (void)argc;
  return 0;
#endif
}

Determining if the Q_WS_QWS exist failed with the following output:
Change Dir: /home/wwh/qqq/build/CMakeFiles/CMakeTmp

Run Build Command:"/usr/bin/make" "cmTC_946d5/fast"
/usr/bin/make -f CMakeFiles/cmTC_946d5.dir/build.make CMakeFiles/cmTC_946d5.dir/build
make[1]: Entering directory '/home/wwh/qqq/build/CMakeFiles/CMakeTmp'
Building CXX object CMakeFiles/cmTC_946d5.dir/CheckSymbolExists.cxx.o
/usr/bin/c++    -I/usr/include/qt4   -o CMakeFiles/cmTC_946d5.dir/CheckSymbolExists.cxx.o -c /home/wwh/qqq/build/CMakeFiles/CMakeTmp/CheckSymbolExists.cxx
/home/wwh/qqq/build/CMakeFiles/CMakeTmp/CheckSymbolExists.cxx: In function ‘int main(int, char**)’:
/home/wwh/qqq/build/CMakeFiles/CMakeTmp/CheckSymbolExists.cxx:8:19: error: ‘Q_WS_QWS’ was not declared in this scope
   return ((int*)(&Q_WS_QWS))[argc];
                   ^
CMakeFiles/cmTC_946d5.dir/build.make:65: recipe for target 'CMakeFiles/cmTC_946d5.dir/CheckSymbolExists.cxx.o' failed
make[1]: *** [CMakeFiles/cmTC_946d5.dir/CheckSymbolExists.cxx.o] Error 1
make[1]: Leaving directory '/home/wwh/qqq/build/CMakeFiles/CMakeTmp'
Makefile:126: recipe for target 'cmTC_946d5/fast' failed
make: *** [cmTC_946d5/fast] Error 2

File /home/wwh/qqq/build/CMakeFiles/CMakeTmp/CheckSymbolExists.cxx:
/* */
#include <QtCore/qglobal.h>

int main(int argc, char** argv)
{
  (void)argv;
#ifndef Q_WS_QWS
  return ((int*)(&Q_WS_QWS))[argc];
#else
  (void)argc;
  return 0;
#endif
}

Determining if the Q_WS_MAC exist failed with the following output:
Change Dir: /home/wwh/qqq/build/CMakeFiles/CMakeTmp

Run Build Command:"/usr/bin/make" "cmTC_56fd7/fast"
/usr/bin/make -f CMakeFiles/cmTC_56fd7.dir/build.make CMakeFiles/cmTC_56fd7.dir/build
make[1]: Entering directory '/home/wwh/qqq/build/CMakeFiles/CMakeTmp'
Building CXX object CMakeFiles/cmTC_56fd7.dir/CheckSymbolExists.cxx.o
/usr/bin/c++    -I/usr/include/qt4   -o CMakeFiles/cmTC_56fd7.dir/CheckSymbolExists.cxx.o -c /home/wwh/qqq/build/CMakeFiles/CMakeTmp/CheckSymbolExists.cxx
/home/wwh/qqq/build/CMakeFiles/CMakeTmp/CheckSymbolExists.cxx: In function ‘int main(int, char**)’:
/home/wwh/qqq/build/CMakeFiles/CMakeTmp/CheckSymbolExists.cxx:8:19: error: ‘Q_WS_MAC’ was not declared in this scope
   return ((int*)(&Q_WS_MAC))[argc];
                   ^
CMakeFiles/cmTC_56fd7.dir/build.make:65: recipe for target 'CMakeFiles/cmTC_56fd7.dir/CheckSymbolExists.cxx.o' failed
make[1]: *** [CMakeFiles/cmTC_56fd7.dir/CheckSymbolExists.cxx.o] Error 1
make[1]: Leaving directory '/home/wwh/qqq/build/CMakeFiles/CMakeTmp'
Makefile:126: recipe for target 'cmTC_56fd7/fast' failed
make: *** [cmTC_56fd7/fast] Error 2

File /home/wwh/qqq/build/CMakeFiles/CMakeTmp/CheckSymbolExists.cxx:
/* */
#include <QtCore/qglobal.h>

int main(int argc, char** argv)
{
  (void)argv;
#ifndef Q_WS_MAC
  return ((int*)(&Q_WS_MAC))[argc];
#else
  (void)argc;
  return 0;
#endif
}

